#
# There is insufficient memory for the Java Runtime Environment to continue.
# Native memory allocation (malloc) failed to allocate 32744 bytes for ChunkPool::allocate
# Possible reasons:
#   The system is out of physical RAM or swap space
#   The process is running with CompressedOops enabled, and the Java Heap may be blocking the growth of the native heap
# Possible solutions:
#   Reduce memory load on the system
#   Increase physical memory or swap space
#   Check if swap backing store is full
#   Decrease Java heap size (-Xmx/-Xms)
#   Decrease number of Java threads
#   Decrease Java thread stack sizes (-Xss)
#   Set larger code cache with -XX:ReservedCodeCacheSize=
#   JVM is running with Unscaled Compressed Oops mode in which the Java heap is
#     placed in the first 4GB address space. The Java Heap base address is the
#     maximum limit for the native heap growth. Please use -XX:HeapBaseMinAddress
#     to set the Java Heap base and to place the Java Heap above 4GB virtual address.
# This output file may be truncated or incomplete.
#
#  Out of Memory Error (./open/src/hotspot/share/memory/arena.cpp:81), pid=21496, tid=5944
#
# JRE version: Java(TM) SE Runtime Environment 18.9 (11.0.12+8) (build 11.0.12+8-LTS-237)
# Java VM: Java HotSpot(TM) 64-Bit Server VM 18.9 (11.0.12+8-LTS-237, mixed mode, tiered, compressed oops, g1 gc, windows-amd64)
# No core dump will be written. Minidumps are not enabled by default on client versions of Windows
#

---------------  S U M M A R Y ------------

Command Line: -javaagent:C:\Program Files\JetBrains\IntelliJ IDEA Community Edition 2021.2\lib\idea_rt.jar=61287:C:\Program Files\JetBrains\IntelliJ IDEA Community Edition 2021.2\bin -Dfile.encoding=UTF-8 com.netlink.servers.EmployeeManagementApplication

Host: Intel(R) Core(TM) i5-6300U CPU @ 2.40GHz, 4 cores, 7G,  Windows 10 , 64 bit Build 19041 (10.0.19041.1348)
Time: Fri Jul 29 16:48:54 2022 India Standard Time elapsed time: 2.623284 seconds (0d 0h 0m 2s)

---------------  T H R E A D  ---------------

Current thread (0x000002a3e8c16800):  JavaThread "C1 CompilerThread0" daemon [_thread_in_native, id=5944, stack(0x000000e7fb200000,0x000000e7fb300000)]


Current CompileTask:
C1:   2623  541       3       java.net.URLStreamHandler::parseURL (1201 bytes)

Stack: [0x000000e7fb200000,0x000000e7fb300000]
Native frames: (J=compiled Java code, j=interpreted, Vv=VM code, C=native code)
V  [jvm.dll+0x617d9a]
V  [jvm.dll+0x74eeef]
V  [jvm.dll+0x750599]
V  [jvm.dll+0x750c23]
V  [jvm.dll+0x2438d8]
V  [jvm.dll+0xba93b]
V  [jvm.dll+0xbac9c]
V  [jvm.dll+0x1613d3]
V  [jvm.dll+0x1614a0]
V  [jvm.dll+0x163cad]
V  [jvm.dll+0x1658c1]
V  [jvm.dll+0x120585]
V  [jvm.dll+0x11fdff]
V  [jvm.dll+0x12002f]
V  [jvm.dll+0x11f2d7]
V  [jvm.dll+0x1211e7]
V  [jvm.dll+0x20b87c]
V  [jvm.dll+0x20997b]
V  [jvm.dll+0x716359]
V  [jvm.dll+0x70f064]
V  [jvm.dll+0x616f66]
C  [ucrtbase.dll+0x21bb2]
C  [KERNEL32.DLL+0x17034]
C  [ntdll.dll+0x52651]


---------------  P R O C E S S  ---------------

Threads class SMR info:
_java_thread_list=0x000002a3e8f10ee0, length=11, elements={
0x000002a3c9485800, 0x000002a3e8388800, 0x000002a3e8389800, 0x000002a3e83b5000,
0x000002a3e83b6000, 0x000002a3e83b7800, 0x000002a3e83b8800, 0x000002a3e8c16800,
0x000002a3e8c7a000, 0x000002a3e8343000, 0x000002a3e8fbe800
}

Java Threads: ( => current thread )
  0x000002a3c9485800 JavaThread "main" [_thread_in_vm, id=13476, stack(0x000000e7fa500000,0x000000e7fa600000)]
  0x000002a3e8388800 JavaThread "Reference Handler" daemon [_thread_blocked, id=26112, stack(0x000000e7fac00000,0x000000e7fad00000)]
  0x000002a3e8389800 JavaThread "Finalizer" daemon [_thread_blocked, id=11464, stack(0x000000e7fad00000,0x000000e7fae00000)]
  0x000002a3e83b5000 JavaThread "Signal Dispatcher" daemon [_thread_blocked, id=26664, stack(0x000000e7fae00000,0x000000e7faf00000)]
  0x000002a3e83b6000 JavaThread "Attach Listener" daemon [_thread_blocked, id=9900, stack(0x000000e7faf00000,0x000000e7fb000000)]
  0x000002a3e83b7800 JavaThread "Service Thread" daemon [_thread_blocked, id=1020, stack(0x000000e7fb000000,0x000000e7fb100000)]
  0x000002a3e83b8800 JavaThread "C2 CompilerThread0" daemon [_thread_blocked, id=21924, stack(0x000000e7fb100000,0x000000e7fb200000)]
=>0x000002a3e8c16800 JavaThread "C1 CompilerThread0" daemon [_thread_in_native, id=5944, stack(0x000000e7fb200000,0x000000e7fb300000)]
  0x000002a3e8c7a000 JavaThread "Sweeper thread" daemon [_thread_blocked, id=19732, stack(0x000000e7fb300000,0x000000e7fb400000)]
  0x000002a3e8343000 JavaThread "Common-Cleaner" daemon [_thread_blocked, id=25044, stack(0x000000e7fb400000,0x000000e7fb500000)]
  0x000002a3e8fbe800 JavaThread "Monitor Ctrl-Break" daemon [_thread_in_native, id=9104, stack(0x000000e7fb500000,0x000000e7fb600000)]

Other Threads:
  0x000002a3e83af800 VMThread "VM Thread" [stack: 0x000000e7fab00000,0x000000e7fac00000] [id=20188]
  0x000002a3e90eb000 WatcherThread [stack: 0x000000e7fb600000,0x000000e7fb700000] [id=15240]
  0x000002a3c949d000 GCTaskThread "GC Thread#0" [stack: 0x000000e7fa600000,0x000000e7fa700000] [id=2608]
  0x000002a3c94cd000 ConcurrentGCThread "G1 Main Marker" [stack: 0x000000e7fa700000,0x000000e7fa800000] [id=16740]
  0x000002a3c94ce800 ConcurrentGCThread "G1 Conc#0" [stack: 0x000000e7fa800000,0x000000e7fa900000] [id=18944]
  0x000002a3e81f3800 ConcurrentGCThread "G1 Refine#0" [stack: 0x000000e7fa900000,0x000000e7faa00000] [id=6192]
  0x000002a3e81f4800 ConcurrentGCThread "G1 Young RemSet Sampling" [stack: 0x000000e7faa00000,0x000000e7fab00000] [id=19264]

Threads with active compile tasks:
C1 CompilerThread0   2778  541       3       java.net.URLStreamHandler::parseURL (1201 bytes)

VM state:not at safepoint (normal execution)

VM Mutex/Monitor currently owned by a thread: None

Heap address: 0x0000000082c00000, size: 2004 MB, Compressed Oops mode: 32-bit
Narrow klass base: 0x0000000000000000, Narrow klass shift: 3
Compressed class space size: 1073741824 Address: 0x0000000100000000

Heap:
 garbage-first heap   total 129024K, used 11264K [0x0000000082c00000, 0x0000000100000000)
  region size 1024K, 12 young (12288K), 0 survivors (0K)
 Metaspace       used 9050K, capacity 9163K, committed 9344K, reserved 1058816K
  class space    used 798K, capacity 842K, committed 896K, reserved 1048576K
Heap Regions: E=young(eden), S=young(survivor), O=old, HS=humongous(starts), HC=humongous(continues), CS=collection set, F=free, A=archive, TAMS=top-at-mark-start (previous, next)
|   0|0x0000000082c00000, 0x0000000082d00000, 0x0000000082d00000|100%|HS|  |TAMS 0x0000000082c00000, 0x0000000082c00000| Complete 
|   1|0x0000000082d00000, 0x0000000082d00000, 0x0000000082e00000|  0%| F|  |TAMS 0x0000000082d00000, 0x0000000082d00000| Untracked 
|   2|0x0000000082e00000, 0x0000000082e00000, 0x0000000082f00000|  0%| F|  |TAMS 0x0000000082e00000, 0x0000000082e00000| Untracked 
|   3|0x0000000082f00000, 0x0000000082f00000, 0x0000000083000000|  0%| F|  |TAMS 0x0000000082f00000, 0x0000000082f00000| Untracked 
|   4|0x0000000083000000, 0x0000000083000000, 0x0000000083100000|  0%| F|  |TAMS 0x0000000083000000, 0x0000000083000000| Untracked 
|   5|0x0000000083100000, 0x0000000083100000, 0x0000000083200000|  0%| F|  |TAMS 0x0000000083100000, 0x0000000083100000| Untracked 
|   6|0x0000000083200000, 0x0000000083200000, 0x0000000083300000|  0%| F|  |TAMS 0x0000000083200000, 0x0000000083200000| Untracked 
|   7|0x0000000083300000, 0x0000000083300000, 0x0000000083400000|  0%| F|  |TAMS 0x0000000083300000, 0x0000000083300000| Untracked 
|   8|0x0000000083400000, 0x0000000083400000, 0x0000000083500000|  0%| F|  |TAMS 0x0000000083400000, 0x0000000083400000| Untracked 
|   9|0x0000000083500000, 0x0000000083500000, 0x0000000083600000|  0%| F|  |TAMS 0x0000000083500000, 0x0000000083500000| Untracked 
|  10|0x0000000083600000, 0x0000000083600000, 0x0000000083700000|  0%| F|  |TAMS 0x0000000083600000, 0x0000000083600000| Untracked 
|  11|0x0000000083700000, 0x0000000083700000, 0x0000000083800000|  0%| F|  |TAMS 0x0000000083700000, 0x0000000083700000| Untracked 
|  12|0x0000000083800000, 0x0000000083800000, 0x0000000083900000|  0%| F|  |TAMS 0x0000000083800000, 0x0000000083800000| Untracked 
|  13|0x0000000083900000, 0x0000000083900000, 0x0000000083a00000|  0%| F|  |TAMS 0x0000000083900000, 0x0000000083900000| Untracked 
|  14|0x0000000083a00000, 0x0000000083a00000, 0x0000000083b00000|  0%| F|  |TAMS 0x0000000083a00000, 0x0000000083a00000| Untracked 
|  15|0x0000000083b00000, 0x0000000083b00000, 0x0000000083c00000|  0%| F|  |TAMS 0x0000000083b00000, 0x0000000083b00000| Untracked 
|  16|0x0000000083c00000, 0x0000000083c00000, 0x0000000083d00000|  0%| F|  |TAMS 0x0000000083c00000, 0x0000000083c00000| Untracked 
|  17|0x0000000083d00000, 0x0000000083d00000, 0x0000000083e00000|  0%| F|  |TAMS 0x0000000083d00000, 0x0000000083d00000| Untracked 
|  18|0x0000000083e00000, 0x0000000083e00000, 0x0000000083f00000|  0%| F|  |TAMS 0x0000000083e00000, 0x0000000083e00000| Untracked 
|  19|0x0000000083f00000, 0x0000000083f00000, 0x0000000084000000|  0%| F|  |TAMS 0x0000000083f00000, 0x0000000083f00000| Untracked 
|  20|0x0000000084000000, 0x0000000084000000, 0x0000000084100000|  0%| F|  |TAMS 0x0000000084000000, 0x0000000084000000| Untracked 
|  21|0x0000000084100000, 0x0000000084100000, 0x0000000084200000|  0%| F|  |TAMS 0x0000000084100000, 0x0000000084100000| Untracked 
|  22|0x0000000084200000, 0x0000000084200000, 0x0000000084300000|  0%| F|  |TAMS 0x0000000084200000, 0x0000000084200000| Untracked 
|  23|0x0000000084300000, 0x0000000084300000, 0x0000000084400000|  0%| F|  |TAMS 0x0000000084300000, 0x0000000084300000| Untracked 
|  24|0x0000000084400000, 0x0000000084400000, 0x0000000084500000|  0%| F|  |TAMS 0x0000000084400000, 0x0000000084400000| Untracked 
|  25|0x0000000084500000, 0x0000000084500000, 0x0000000084600000|  0%| F|  |TAMS 0x0000000084500000, 0x0000000084500000| Untracked 
|  26|0x0000000084600000, 0x0000000084600000, 0x0000000084700000|  0%| F|  |TAMS 0x0000000084600000, 0x0000000084600000| Untracked 
|  27|0x0000000084700000, 0x0000000084700000, 0x0000000084800000|  0%| F|  |TAMS 0x0000000084700000, 0x0000000084700000| Untracked 
|  28|0x0000000084800000, 0x0000000084800000, 0x0000000084900000|  0%| F|  |TAMS 0x0000000084800000, 0x0000000084800000| Untracked 
|  29|0x0000000084900000, 0x0000000084900000, 0x0000000084a00000|  0%| F|  |TAMS 0x0000000084900000, 0x0000000084900000| Untracked 
|  30|0x0000000084a00000, 0x0000000084a00000, 0x0000000084b00000|  0%| F|  |TAMS 0x0000000084a00000, 0x0000000084a00000| Untracked 
|  31|0x0000000084b00000, 0x0000000084b00000, 0x0000000084c00000|  0%| F|  |TAMS 0x0000000084b00000, 0x0000000084b00000| Untracked 
|  32|0x0000000084c00000, 0x0000000084c00000, 0x0000000084d00000|  0%| F|  |TAMS 0x0000000084c00000, 0x0000000084c00000| Untracked 
|  33|0x0000000084d00000, 0x0000000084d00000, 0x0000000084e00000|  0%| F|  |TAMS 0x0000000084d00000, 0x0000000084d00000| Untracked 
|  34|0x0000000084e00000, 0x0000000084e00000, 0x0000000084f00000|  0%| F|  |TAMS 0x0000000084e00000, 0x0000000084e00000| Untracked 
|  35|0x0000000084f00000, 0x0000000084f00000, 0x0000000085000000|  0%| F|  |TAMS 0x0000000084f00000, 0x0000000084f00000| Untracked 
|  36|0x0000000085000000, 0x0000000085000000, 0x0000000085100000|  0%| F|  |TAMS 0x0000000085000000, 0x0000000085000000| Untracked 
|  37|0x0000000085100000, 0x0000000085100000, 0x0000000085200000|  0%| F|  |TAMS 0x0000000085100000, 0x0000000085100000| Untracked 
|  38|0x0000000085200000, 0x0000000085200000, 0x0000000085300000|  0%| F|  |TAMS 0x0000000085200000, 0x0000000085200000| Untracked 
|  39|0x0000000085300000, 0x0000000085300000, 0x0000000085400000|  0%| F|  |TAMS 0x0000000085300000, 0x0000000085300000| Untracked 
|  40|0x0000000085400000, 0x0000000085400000, 0x0000000085500000|  0%| F|  |TAMS 0x0000000085400000, 0x0000000085400000| Untracked 
|  41|0x0000000085500000, 0x0000000085500000, 0x0000000085600000|  0%| F|  |TAMS 0x0000000085500000, 0x0000000085500000| Untracked 
|  42|0x0000000085600000, 0x0000000085600000, 0x0000000085700000|  0%| F|  |TAMS 0x0000000085600000, 0x0000000085600000| Untracked 
|  43|0x0000000085700000, 0x0000000085700000, 0x0000000085800000|  0%| F|  |TAMS 0x0000000085700000, 0x0000000085700000| Untracked 
|  44|0x0000000085800000, 0x0000000085800000, 0x0000000085900000|  0%| F|  |TAMS 0x0000000085800000, 0x0000000085800000| Untracked 
|  45|0x0000000085900000, 0x0000000085900000, 0x0000000085a00000|  0%| F|  |TAMS 0x0000000085900000, 0x0000000085900000| Untracked 
|  46|0x0000000085a00000, 0x0000000085a00000, 0x0000000085b00000|  0%| F|  |TAMS 0x0000000085a00000, 0x0000000085a00000| Untracked 
|  47|0x0000000085b00000, 0x0000000085b00000, 0x0000000085c00000|  0%| F|  |TAMS 0x0000000085b00000, 0x0000000085b00000| Untracked 
|  48|0x0000000085c00000, 0x0000000085c00000, 0x0000000085d00000|  0%| F|  |TAMS 0x0000000085c00000, 0x0000000085c00000| Untracked 
|  49|0x0000000085d00000, 0x0000000085d00000, 0x0000000085e00000|  0%| F|  |TAMS 0x0000000085d00000, 0x0000000085d00000| Untracked 
|  50|0x0000000085e00000, 0x0000000085e00000, 0x0000000085f00000|  0%| F|  |TAMS 0x0000000085e00000, 0x0000000085e00000| Untracked 
|  51|0x0000000085f00000, 0x0000000085f00000, 0x0000000086000000|  0%| F|  |TAMS 0x0000000085f00000, 0x0000000085f00000| Untracked 
|  52|0x0000000086000000, 0x0000000086000000, 0x0000000086100000|  0%| F|  |TAMS 0x0000000086000000, 0x0000000086000000| Untracked 
|  53|0x0000000086100000, 0x0000000086100000, 0x0000000086200000|  0%| F|  |TAMS 0x0000000086100000, 0x0000000086100000| Untracked 
|  54|0x0000000086200000, 0x0000000086200000, 0x0000000086300000|  0%| F|  |TAMS 0x0000000086200000, 0x0000000086200000| Untracked 
|  55|0x0000000086300000, 0x0000000086300000, 0x0000000086400000|  0%| F|  |TAMS 0x0000000086300000, 0x0000000086300000| Untracked 
|  56|0x0000000086400000, 0x0000000086400000, 0x0000000086500000|  0%| F|  |TAMS 0x0000000086400000, 0x0000000086400000| Untracked 
|  57|0x0000000086500000, 0x0000000086500000, 0x0000000086600000|  0%| F|  |TAMS 0x0000000086500000, 0x0000000086500000| Untracked 
|  58|0x0000000086600000, 0x0000000086600000, 0x0000000086700000|  0%| F|  |TAMS 0x0000000086600000, 0x0000000086600000| Untracked 
|  59|0x0000000086700000, 0x0000000086700000, 0x0000000086800000|  0%| F|  |TAMS 0x0000000086700000, 0x0000000086700000| Untracked 
|  60|0x0000000086800000, 0x0000000086800000, 0x0000000086900000|  0%| F|  |TAMS 0x0000000086800000, 0x0000000086800000| Untracked 
|  61|0x0000000086900000, 0x0000000086900000, 0x0000000086a00000|  0%| F|  |TAMS 0x0000000086900000, 0x0000000086900000| Untracked 
|  62|0x0000000086a00000, 0x0000000086a00000, 0x0000000086b00000|  0%| F|  |TAMS 0x0000000086a00000, 0x0000000086a00000| Untracked 
|  63|0x0000000086b00000, 0x0000000086b00000, 0x0000000086c00000|  0%| F|  |TAMS 0x0000000086b00000, 0x0000000086b00000| Untracked 
|  64|0x0000000086c00000, 0x0000000086c00000, 0x0000000086d00000|  0%| F|  |TAMS 0x0000000086c00000, 0x0000000086c00000| Untracked 
|  65|0x0000000086d00000, 0x0000000086d00000, 0x0000000086e00000|  0%| F|  |TAMS 0x0000000086d00000, 0x0000000086d00000| Untracked 
|  66|0x0000000086e00000, 0x0000000086e00000, 0x0000000086f00000|  0%| F|  |TAMS 0x0000000086e00000, 0x0000000086e00000| Untracked 
|  67|0x0000000086f00000, 0x0000000086f00000, 0x0000000087000000|  0%| F|  |TAMS 0x0000000086f00000, 0x0000000086f00000| Untracked 
|  68|0x0000000087000000, 0x0000000087000000, 0x0000000087100000|  0%| F|  |TAMS 0x0000000087000000, 0x0000000087000000| Untracked 
|  69|0x0000000087100000, 0x0000000087100000, 0x0000000087200000|  0%| F|  |TAMS 0x0000000087100000, 0x0000000087100000| Untracked 
|  70|0x0000000087200000, 0x0000000087200000, 0x0000000087300000|  0%| F|  |TAMS 0x0000000087200000, 0x0000000087200000| Untracked 
|  71|0x0000000087300000, 0x0000000087300000, 0x0000000087400000|  0%| F|  |TAMS 0x0000000087300000, 0x0000000087300000| Untracked 
|  72|0x0000000087400000, 0x0000000087400000, 0x0000000087500000|  0%| F|  |TAMS 0x0000000087400000, 0x0000000087400000| Untracked 
|  73|0x0000000087500000, 0x0000000087500000, 0x0000000087600000|  0%| F|  |TAMS 0x0000000087500000, 0x0000000087500000| Untracked 
|  74|0x0000000087600000, 0x0000000087600000, 0x0000000087700000|  0%| F|  |TAMS 0x0000000087600000, 0x0000000087600000| Untracked 
|  75|0x0000000087700000, 0x0000000087700000, 0x0000000087800000|  0%| F|  |TAMS 0x0000000087700000, 0x0000000087700000| Untracked 
|  76|0x0000000087800000, 0x0000000087800000, 0x0000000087900000|  0%| F|  |TAMS 0x0000000087800000, 0x0000000087800000| Untracked 
|  77|0x0000000087900000, 0x0000000087900000, 0x0000000087a00000|  0%| F|  |TAMS 0x0000000087900000, 0x0000000087900000| Untracked 
|  78|0x0000000087a00000, 0x0000000087a00000, 0x0000000087b00000|  0%| F|  |TAMS 0x0000000087a00000, 0x0000000087a00000| Untracked 
|  79|0x0000000087b00000, 0x0000000087b00000, 0x0000000087c00000|  0%| F|  |TAMS 0x0000000087b00000, 0x0000000087b00000| Untracked 
|  80|0x0000000087c00000, 0x0000000087c00000, 0x0000000087d00000|  0%| F|  |TAMS 0x0000000087c00000, 0x0000000087c00000| Untracked 
|  81|0x0000000087d00000, 0x0000000087d00000, 0x0000000087e00000|  0%| F|  |TAMS 0x0000000087d00000, 0x0000000087d00000| Untracked 
|  82|0x0000000087e00000, 0x0000000087e00000, 0x0000000087f00000|  0%| F|  |TAMS 0x0000000087e00000, 0x0000000087e00000| Untracked 
|  83|0x0000000087f00000, 0x0000000087f00000, 0x0000000088000000|  0%| F|  |TAMS 0x0000000087f00000, 0x0000000087f00000| Untracked 
|  84|0x0000000088000000, 0x0000000088000000, 0x0000000088100000|  0%| F|  |TAMS 0x0000000088000000, 0x0000000088000000| Untracked 
|  85|0x0000000088100000, 0x0000000088100000, 0x0000000088200000|  0%| F|  |TAMS 0x0000000088100000, 0x0000000088100000| Untracked 
|  86|0x0000000088200000, 0x0000000088200000, 0x0000000088300000|  0%| F|  |TAMS 0x0000000088200000, 0x0000000088200000| Untracked 
|  87|0x0000000088300000, 0x0000000088300000, 0x0000000088400000|  0%| F|  |TAMS 0x0000000088300000, 0x0000000088300000| Untracked 
|  88|0x0000000088400000, 0x0000000088400000, 0x0000000088500000|  0%| F|  |TAMS 0x0000000088400000, 0x0000000088400000| Untracked 
|  89|0x0000000088500000, 0x0000000088500000, 0x0000000088600000|  0%| F|  |TAMS 0x0000000088500000, 0x0000000088500000| Untracked 
|  90|0x0000000088600000, 0x0000000088600000, 0x0000000088700000|  0%| F|  |TAMS 0x0000000088600000, 0x0000000088600000| Untracked 
|  91|0x0000000088700000, 0x0000000088700000, 0x0000000088800000|  0%| F|  |TAMS 0x0000000088700000, 0x0000000088700000| Untracked 
|  92|0x0000000088800000, 0x0000000088800000, 0x0000000088900000|  0%| F|  |TAMS 0x0000000088800000, 0x0000000088800000| Untracked 
|  93|0x0000000088900000, 0x0000000088900000, 0x0000000088a00000|  0%| F|  |TAMS 0x0000000088900000, 0x0000000088900000| Untracked 
|  94|0x0000000088a00000, 0x0000000088a00000, 0x0000000088b00000|  0%| F|  |TAMS 0x0000000088a00000, 0x0000000088a00000| Untracked 
|  95|0x0000000088b00000, 0x0000000088b00000, 0x0000000088c00000|  0%| F|  |TAMS 0x0000000088b00000, 0x0000000088b00000| Untracked 
|  96|0x0000000088c00000, 0x0000000088c00000, 0x0000000088d00000|  0%| F|  |TAMS 0x0000000088c00000, 0x0000000088c00000| Untracked 
|  97|0x0000000088d00000, 0x0000000088d00000, 0x0000000088e00000|  0%| F|  |TAMS 0x0000000088d00000, 0x0000000088d00000| Untracked 
|  98|0x0000000088e00000, 0x0000000088e00000, 0x0000000088f00000|  0%| F|  |TAMS 0x0000000088e00000, 0x0000000088e00000| Untracked 
|  99|0x0000000088f00000, 0x0000000088f00000, 0x0000000089000000|  0%| F|  |TAMS 0x0000000088f00000, 0x0000000088f00000| Untracked 
| 100|0x0000000089000000, 0x0000000089000000, 0x0000000089100000|  0%| F|  |TAMS 0x0000000089000000, 0x0000000089000000| Untracked 
| 101|0x0000000089100000, 0x0000000089100000, 0x0000000089200000|  0%| F|  |TAMS 0x0000000089100000, 0x0000000089100000| Untracked 
| 102|0x0000000089200000, 0x0000000089200000, 0x0000000089300000|  0%| F|  |TAMS 0x0000000089200000, 0x0000000089200000| Untracked 
| 103|0x0000000089300000, 0x0000000089300000, 0x0000000089400000|  0%| F|  |TAMS 0x0000000089300000, 0x0000000089300000| Untracked 
| 104|0x0000000089400000, 0x0000000089400000, 0x0000000089500000|  0%| F|  |TAMS 0x0000000089400000, 0x0000000089400000| Untracked 
| 105|0x0000000089500000, 0x0000000089500000, 0x0000000089600000|  0%| F|  |TAMS 0x0000000089500000, 0x0000000089500000| Untracked 
| 106|0x0000000089600000, 0x0000000089600000, 0x0000000089700000|  0%| F|  |TAMS 0x0000000089600000, 0x0000000089600000| Untracked 
| 107|0x0000000089700000, 0x0000000089700000, 0x0000000089800000|  0%| F|  |TAMS 0x0000000089700000, 0x0000000089700000| Untracked 
| 108|0x0000000089800000, 0x0000000089800000, 0x0000000089900000|  0%| F|  |TAMS 0x0000000089800000, 0x0000000089800000| Untracked 
| 109|0x0000000089900000, 0x0000000089900000, 0x0000000089a00000|  0%| F|  |TAMS 0x0000000089900000, 0x0000000089900000| Untracked 
| 110|0x0000000089a00000, 0x0000000089a00000, 0x0000000089b00000|  0%| F|  |TAMS 0x0000000089a00000, 0x0000000089a00000| Untracked 
| 111|0x0000000089b00000, 0x0000000089b00000, 0x0000000089c00000|  0%| F|  |TAMS 0x0000000089b00000, 0x0000000089b00000| Untracked 
| 112|0x0000000089c00000, 0x0000000089c00000, 0x0000000089d00000|  0%| F|  |TAMS 0x0000000089c00000, 0x0000000089c00000| Untracked 
| 113|0x0000000089d00000, 0x0000000089d00000, 0x0000000089e00000|  0%| F|  |TAMS 0x0000000089d00000, 0x0000000089d00000| Untracked 
| 114|0x0000000089e00000, 0x0000000089ed7d00, 0x0000000089f00000| 84%| E|  |TAMS 0x0000000089e00000, 0x0000000089e00000| Complete 
| 115|0x0000000089f00000, 0x000000008a000000, 0x000000008a000000|100%| E|CS|TAMS 0x0000000089f00000, 0x0000000089f00000| Complete 
| 116|0x000000008a000000, 0x000000008a100000, 0x000000008a100000|100%| E|CS|TAMS 0x000000008a000000, 0x000000008a000000| Complete 
| 117|0x000000008a100000, 0x000000008a200000, 0x000000008a200000|100%| E|CS|TAMS 0x000000008a100000, 0x000000008a100000| Complete 
| 118|0x000000008a200000, 0x000000008a300000, 0x000000008a300000|100%| E|CS|TAMS 0x000000008a200000, 0x000000008a200000| Complete 
| 119|0x000000008a300000, 0x000000008a400000, 0x000000008a400000|100%| E|CS|TAMS 0x000000008a300000, 0x000000008a300000| Complete 
| 120|0x000000008a400000, 0x000000008a500000, 0x000000008a500000|100%| E|  |TAMS 0x000000008a400000, 0x000000008a400000| Complete 
| 121|0x000000008a500000, 0x000000008a600000, 0x000000008a600000|100%| E|CS|TAMS 0x000000008a500000, 0x000000008a500000| Complete 
| 122|0x000000008a600000, 0x000000008a700000, 0x000000008a700000|100%| E|CS|TAMS 0x000000008a600000, 0x000000008a600000| Complete 
| 123|0x000000008a700000, 0x000000008a800000, 0x000000008a800000|100%| E|CS|TAMS 0x000000008a700000, 0x000000008a700000| Complete 
| 124|0x000000008a800000, 0x000000008a900000, 0x000000008a900000|100%| E|CS|TAMS 0x000000008a800000, 0x000000008a800000| Complete 
| 125|0x000000008a900000, 0x000000008aa00000, 0x000000008aa00000|100%| E|CS|TAMS 0x000000008a900000, 0x000000008a900000| Complete 

Card table byte_map: [0x000002a3e16a0000,0x000002a3e1a90000] _byte_map_base: 0x000002a3e128a000

Marking Bits (Prev, Next): (CMBitMap*) 0x000002a3c94c4718, (CMBitMap*) 0x000002a3c94c4750
 Prev Bits: [0x000002a3e1e80000, 0x000002a3e3dd0000)
 Next Bits: [0x000002a3e3dd0000, 0x000002a3e5d20000)

Polling page: 0x000002a3c7b30000

Metaspace:

Usage:
  Non-class:      8.13 MB capacity,     8.09 MB (>99%) used,    30.41 KB ( <1%) free+waste,     7.06 KB ( <1%) overhead. 
      Class:    842.00 KB capacity,   799.87 KB ( 95%) used,    39.20 KB (  5%) free+waste,     2.94 KB ( <1%) overhead. 
       Both:      8.95 MB capacity,     8.87 MB (>99%) used,    69.61 KB ( <1%) free+waste,    10.00 KB ( <1%) overhead. 

Virtual space:
  Non-class space:       10.00 MB reserved,       8.25 MB ( 83%) committed 
      Class space:        1.00 GB reserved,     896.00 KB ( <1%) committed 
             Both:        1.01 GB reserved,       9.13 MB ( <1%) committed 

Chunk freelists:
   Non-Class:  0 bytes
       Class:  2.75 KB
        Both:  2.75 KB

CodeHeap 'non-profiled nmethods': size=120064Kb used=176Kb max_used=176Kb free=119887Kb
 bounds [0x000002a3d9750000, 0x000002a3d99c0000, 0x000002a3e0c90000]
CodeHeap 'profiled nmethods': size=120000Kb used=858Kb max_used=858Kb free=119141Kb
 bounds [0x000002a3d2220000, 0x000002a3d2490000, 0x000002a3d9750000]
CodeHeap 'non-nmethods': size=5696Kb used=1062Kb max_used=1072Kb free=4633Kb
 bounds [0x000002a3d1c90000, 0x000002a3d1f00000, 0x000002a3d2220000]
 total_blobs=903 nmethods=544 adapters=271
 compilation: enabled
              stopped_count=0, restarted_count=0
 full_count=0

Compilation events (10 events):
Event: 2.583 Thread 0x000002a3e83b8800 nmethod 537 0x000002a3d9779d90 code [0x000002a3d9779f40, 0x000002a3d977a438]
Event: 2.587 Thread 0x000002a3e83b8800  538       4       java.lang.StringLatin1::newString (17 bytes)
Event: 2.588 Thread 0x000002a3e8c16800  539       3       java.io.FilterInputStream::<init> (10 bytes)
Event: 2.588 Thread 0x000002a3e8c16800 nmethod 539 0x000002a3d22f4a90 code [0x000002a3d22f4c40, 0x000002a3d22f4e58]
Event: 2.589 Thread 0x000002a3e8c16800  540       3       sun.net.util.URLUtil::urlNoFragString (114 bytes)
Event: 2.591 Thread 0x000002a3e8c16800 nmethod 540 0x000002a3d22f4f10 code [0x000002a3d22f5260, 0x000002a3d22f64c8]
Event: 2.591 Thread 0x000002a3e8c16800  541       3       java.net.URLStreamHandler::parseURL (1201 bytes)
Event: 2.592 Thread 0x000002a3e83b8800 nmethod 538 0x000002a3d977a690 code [0x000002a3d977a820, 0x000002a3d977abd8]
Event: 2.592 Thread 0x000002a3e83b8800  542       4       java.util.Arrays::copyOfRange (63 bytes)
Event: 2.596 Thread 0x000002a3e83b8800 nmethod 542 0x000002a3d977ad90 code [0x000002a3d977af20, 0x000002a3d977b178]

GC Heap History (0 events):
No events

Deoptimization events (9 events):
Event: 0.624 Thread 0x000002a3c9485800 Uncommon trap: reason=unstable_if action=reinterpret pc=0x000002a3d975c80c method=java.util.HashMap.putVal(ILjava/lang/Object;Ljava/lang/Object;ZZ)Ljava/lang/Object; @ 69 c2
Event: 0.810 Thread 0x000002a3c9485800 Uncommon trap: reason=unstable_if action=reinterpret pc=0x000002a3d9751378 method=java.lang.String.isLatin1()Z @ 10 c2
Event: 1.858 Thread 0x000002a3c9485800 Uncommon trap: reason=unstable_if action=reinterpret pc=0x000002a3d9766294 method=java.util.zip.ZipFile$Source.isMetaName([BII)Z @ 57 c2
Event: 1.938 Thread 0x000002a3c9485800 Uncommon trap: reason=unstable_if action=reinterpret pc=0x000002a3d9751610 method=java.lang.String.isLatin1()Z @ 10 c2
Event: 2.429 Thread 0x000002a3c9485800 Uncommon trap: reason=bimorphic_or_optimized_type_check action=maybe_recompile pc=0x000002a3d9759b94 method=java.util.AbstractCollection.isEmpty()Z @ 1 c2
Event: 2.440 Thread 0x000002a3c9485800 Uncommon trap: reason=bimorphic_or_optimized_type_check action=maybe_recompile pc=0x000002a3d9759b94 method=java.util.AbstractCollection.isEmpty()Z @ 1 c2
Event: 2.470 Thread 0x000002a3c9485800 Uncommon trap: reason=bimorphic_or_optimized_type_check action=maybe_recompile pc=0x000002a3d9759b94 method=java.util.AbstractCollection.isEmpty()Z @ 1 c2
Event: 2.470 Thread 0x000002a3c9485800 Uncommon trap: reason=bimorphic_or_optimized_type_check action=maybe_recompile pc=0x000002a3d9759b94 method=java.util.AbstractCollection.isEmpty()Z @ 1 c2
Event: 2.478 Thread 0x000002a3c9485800 Uncommon trap: reason=unstable_if action=reinterpret pc=0x000002a3d9776a40 method=java.io.BufferedReader.read()I @ 19 c2

Classes redefined (0 events):
No events

Internal exceptions (2 events):
Event: 2.470 Thread 0x000002a3c9485800 Exception <a 'java/lang/ClassNotFoundException'{0x0000000089f13f08}: javax/smartcardio/CardPermission> (0x0000000089f13f08) thrown at [./open/src/hotspot/share/classfile/systemDictionary.cpp, line 228]
Event: 2.491 Thread 0x000002a3c9485800 Exception <a 'java/io/FileNotFoundException'{0x0000000089f22350}> (0x0000000089f22350) thrown at [./open/src/hotspot/share/prims/jni.cpp, line 611]

Events (10 events):
Event: 2.610 Executing VM operation: RevokeBias
Event: 2.610 Executing VM operation: RevokeBias done
Event: 2.610 Executing VM operation: RevokeBias
Event: 2.610 Executing VM operation: RevokeBias done
Event: 2.611 Executing VM operation: RevokeBias
Event: 2.611 Executing VM operation: RevokeBias done
Event: 2.611 Executing VM operation: RevokeBias
Event: 2.611 Executing VM operation: RevokeBias done
Event: 2.611 Executing VM operation: RevokeBias
Event: 2.611 Executing VM operation: RevokeBias done


Dynamic libraries:
0x00007ff642d80000 - 0x00007ff642d8f000 	C:\Program Files\Java\jdk-11.0.12\bin\java.exe
0x00007fface930000 - 0x00007ffaceb25000 	C:\Windows\SYSTEM32\ntdll.dll
0x00007ffacdb20000 - 0x00007ffacdbde000 	C:\Windows\System32\KERNEL32.DLL
0x00007ffacc1f0000 - 0x00007ffacc4b8000 	C:\Windows\System32\KERNELBASE.dll
0x00007ffacc870000 - 0x00007ffacc970000 	C:\Windows\System32\ucrtbase.dll
0x00007ffaae000000 - 0x00007ffaae018000 	C:\Program Files\Java\jdk-11.0.12\bin\jli.dll
0x00007ffaadf70000 - 0x00007ffaadf85000 	C:\Program Files\Java\jdk-11.0.12\bin\VCRUNTIME140.dll
0x00007ffacdcc0000 - 0x00007ffacdd6c000 	C:\Windows\System32\ADVAPI32.dll
0x00007ffacddd0000 - 0x00007ffacde6e000 	C:\Windows\System32\msvcrt.dll
0x00007ffacd1f0000 - 0x00007ffacd28b000 	C:\Windows\System32\sechost.dll
0x00007ffaccaa0000 - 0x00007ffaccbca000 	C:\Windows\System32\RPCRT4.dll
0x00007ffacd320000 - 0x00007ffacd4c1000 	C:\Windows\System32\USER32.dll
0x00007ffacc670000 - 0x00007ffacc692000 	C:\Windows\System32\win32u.dll
0x00007fface670000 - 0x00007fface69b000 	C:\Windows\System32\GDI32.dll
0x00007ffabb750000 - 0x00007ffabb9ea000 	C:\Windows\WinSxS\amd64_microsoft.windows.common-controls_6595b64144ccf1df_6.0.19041.1110_none_60b5254171f9507e\COMCTL32.dll
0x00007ffacc4c0000 - 0x00007ffacc5cd000 	C:\Windows\System32\gdi32full.dll
0x00007ffacc5d0000 - 0x00007ffacc66d000 	C:\Windows\System32\msvcp_win.dll
0x00007ffac5990000 - 0x00007ffac599a000 	C:\Windows\SYSTEM32\VERSION.dll
0x00007fface640000 - 0x00007fface670000 	C:\Windows\System32\IMM32.DLL
0x00007ffaab870000 - 0x00007ffaab914000 	C:\Program Files\McAfee\Endpoint Security\Threat Prevention\Ips\EpMPApi.dll
0x00007ffacc7e0000 - 0x00007ffacc840000 	C:\Windows\System32\WINTRUST.dll
0x00007ffacc090000 - 0x00007ffacc1e6000 	C:\Windows\System32\CRYPT32.dll
0x00007ffacbc20000 - 0x00007ffacbc32000 	C:\Windows\SYSTEM32\MSASN1.dll
0x000000006a510000 - 0x000000006a51c000 	C:\Program Files\McAfee\Endpoint Security\Threat Prevention\Ips\EpMPThe.dll
0x00007ffaab810000 - 0x00007ffaab868000 	C:\Program Files\McAfee\Endpoint Security\Threat Prevention\Ips\HIPHandlers64.dll
0x00007ffacd130000 - 0x00007ffacd185000 	C:\Windows\System32\SHLWAPI.dll
0x00007ffab2380000 - 0x00007ffab2564000 	C:\Windows\SYSTEM32\dbghelp.dll
0x00007ffaaded0000 - 0x00007ffaadf6b000 	C:\Program Files\Java\jdk-11.0.12\bin\msvcp140.dll
0x00007ffaad3d0000 - 0x00007ffaadecf000 	C:\Program Files\Java\jdk-11.0.12\bin\server\jvm.dll
0x00007ffaccca0000 - 0x00007ffaccca8000 	C:\Windows\System32\PSAPI.DLL
0x00007ffaaed60000 - 0x00007ffaaed69000 	C:\Windows\SYSTEM32\WSOCK32.dll
0x00007fface5d0000 - 0x00007fface63b000 	C:\Windows\System32\WS2_32.dll
0x00007ffaad380000 - 0x00007ffaad3a7000 	C:\Windows\SYSTEM32\WINMM.dll
0x00007ffac9f30000 - 0x00007ffac9f42000 	C:\Windows\SYSTEM32\kernel.appcore.dll
0x00007ffaad370000 - 0x00007ffaad380000 	C:\Program Files\Java\jdk-11.0.12\bin\verify.dll
0x00007ffab1f70000 - 0x00007ffab1f9c000 	C:\Windows\SYSTEM32\dbgcore.DLL
0x00007ffacc6a0000 - 0x00007ffacc722000 	C:\Windows\System32\bcryptPrimitives.dll
0x00007ffaad340000 - 0x00007ffaad368000 	C:\Program Files\Java\jdk-11.0.12\bin\java.dll
0x00007ffaad330000 - 0x00007ffaad33a000 	C:\Program Files\Java\jdk-11.0.12\bin\jimage.dll
0x00007ffac48e0000 - 0x00007ffac48ee000 	C:\Program Files\Java\jdk-11.0.12\bin\instrument.dll
0x00007ffaad310000 - 0x00007ffaad326000 	C:\Program Files\Java\jdk-11.0.12\bin\zip.dll
0x00007ffacde70000 - 0x00007fface5b4000 	C:\Windows\System32\SHELL32.dll
0x00007ffaca130000 - 0x00007ffaca8c4000 	C:\Windows\SYSTEM32\windows.storage.dll
0x00007ffacd600000 - 0x00007ffacd955000 	C:\Windows\System32\combase.dll
0x00007ffacba90000 - 0x00007ffacbabe000 	C:\Windows\SYSTEM32\Wldp.dll
0x00007ffaccbf0000 - 0x00007ffaccc9d000 	C:\Windows\System32\SHCORE.dll
0x00007ffacbf80000 - 0x00007ffacbf9f000 	C:\Windows\SYSTEM32\profapi.dll
0x00007ffaad2f0000 - 0x00007ffaad309000 	C:\Program Files\Java\jdk-11.0.12\bin\net.dll
0x00007ffac5a10000 - 0x00007ffac5b1c000 	C:\Windows\SYSTEM32\WINHTTP.dll
0x00007ffacb7f0000 - 0x00007ffacb85a000 	C:\Windows\system32\mswsock.dll
0x00007ffaad240000 - 0x00007ffaad252000 	C:\Program Files\Java\jdk-11.0.12\bin\nio.dll
0x00007ffabacb0000 - 0x00007ffabacca000 	C:\Program Files\JetBrains\IntelliJ IDEA Community Edition 2021.2\bin\breakgen64.dll

dbghelp: loaded successfully - version: 4.0.5 - missing functions: none
symbol engine: initialized successfully - sym options: 0x614 - pdb path: .;C:\Program Files\Java\jdk-11.0.12\bin;C:\Windows\SYSTEM32;C:\Windows\WinSxS\amd64_microsoft.windows.common-controls_6595b64144ccf1df_6.0.19041.1110_none_60b5254171f9507e;C:\Program Files\McAfee\Endpoint Security\Threat Prevention\Ips;C:\Program Files\Java\jdk-11.0.12\bin\server;C:\Program Files\JetBrains\IntelliJ IDEA Community Edition 2021.2\bin

VM Arguments:
jvm_args: -javaagent:C:\Program Files\JetBrains\IntelliJ IDEA Community Edition 2021.2\lib\idea_rt.jar=61287:C:\Program Files\JetBrains\IntelliJ IDEA Community Edition 2021.2\bin -Dfile.encoding=UTF-8 
java_command: com.netlink.servers.EmployeeManagementApplication
java_class_path (initial): E:\Spring\Employee Management (1)\Employee-Management\target\classes;C:\Users\asethiya\.m2\repository\org\springframework\boot\spring-boot-starter-web\2.7.1\spring-boot-starter-web-2.7.1.jar;C:\Users\asethiya\.m2\repository\org\springframework\boot\spring-boot-starter\2.7.1\spring-boot-starter-2.7.1.jar;C:\Users\asethiya\.m2\repository\org\springframework\boot\spring-boot\2.7.1\spring-boot-2.7.1.jar;C:\Users\asethiya\.m2\repository\org\springframework\boot\spring-boot-autoconfigure\2.7.1\spring-boot-autoconfigure-2.7.1.jar;C:\Users\asethiya\.m2\repository\org\springframework\boot\spring-boot-starter-logging\2.7.1\spring-boot-starter-logging-2.7.1.jar;C:\Users\asethiya\.m2\repository\ch\qos\logback\logback-classic\1.2.11\logback-classic-1.2.11.jar;C:\Users\asethiya\.m2\repository\ch\qos\logback\logback-core\1.2.11\logback-core-1.2.11.jar;C:\Users\asethiya\.m2\repository\org\apache\logging\log4j\log4j-to-slf4j\2.17.2\log4j-to-slf4j-2.17.2.jar;C:\Users\asethiya\.m2\repository\org\apache\logging\log4j\log4j-api\2.17.2\log4j-api-2.17.2.jar;C:\Users\asethiya\.m2\repository\org\slf4j\jul-to-slf4j\1.7.36\jul-to-slf4j-1.7.36.jar;C:\Users\asethiya\.m2\repository\jakarta\annotation\jakarta.annotation-api\1.3.5\jakarta.annotation-api-1.3.5.jar;C:\Users\asethiya\.m2\repository\org\yaml\snakeyaml\1.30\snakeyaml-1.30.jar;C:\Users\asethiya\.m2\repository\org\springframework\boot\spring-boot-starter-json\2.7.1\spring-boot-starter-json-2.7.1.jar;C:\Users\asethiya\.m2\repository\com\fasterxml\jackson\core\jackson-databind\2.13.3\jackson-databind-2.13.3.jar;C:\Users\asethiya\.m2\repository\com\fasterxml\jackson\core\jackson-annotations\2.13.3\jackson-annotations-2.13.3.jar;C:\Users\asethiya\.m2\repository\com\fasterxml\jackson\core\jackson-core\2.13.3\jackson-core-2.13.3.jar;C:\Users\asethiya\.m2\repository\com\fasterxml\jackson\datatype\jackson-datatype-jdk8\2.13.3\jackson-datatype-jdk8-2.13.3.jar;C:\Users\asethiya\.m2\repository\com\fasterxml\jackson\data
Launcher Type: SUN_STANDARD

[Global flags]
     intx CICompilerCount                          = 3                                         {product} {ergonomic}
     uint ConcGCThreads                            = 1                                         {product} {ergonomic}
     uint G1ConcRefinementThreads                  = 4                                         {product} {ergonomic}
   size_t G1HeapRegionSize                         = 1048576                                   {product} {ergonomic}
    uintx GCDrainStackTargetSize                   = 64                                        {product} {ergonomic}
   size_t InitialHeapSize                          = 132120576                                 {product} {ergonomic}
   size_t MarkStackSize                            = 4194304                                   {product} {ergonomic}
   size_t MaxHeapSize                              = 2101346304                                {product} {ergonomic}
   size_t MaxNewSize                               = 1260388352                                {product} {ergonomic}
   size_t MinHeapDeltaBytes                        = 1048576                                   {product} {ergonomic}
    uintx NonNMethodCodeHeapSize                   = 5830732                                {pd product} {ergonomic}
    uintx NonProfiledCodeHeapSize                  = 122913754                              {pd product} {ergonomic}
    uintx ProfiledCodeHeapSize                     = 122913754                              {pd product} {ergonomic}
    uintx ReservedCodeCacheSize                    = 251658240                              {pd product} {ergonomic}
     bool SegmentedCodeCache                       = true                                      {product} {ergonomic}
     bool UseCompressedClassPointers               = true                                 {lp64_product} {ergonomic}
     bool UseCompressedOops                        = true                                 {lp64_product} {ergonomic}
     bool UseG1GC                                  = true                                      {product} {ergonomic}
     bool UseLargePagesIndividualAllocation        = false                                  {pd product} {ergonomic}

Logging:
Log output configuration:
 #0: stdout all=warning uptime,level,tags
 #1: stderr all=off uptime,level,tags

Environment Variables:
JAVA_HOME=C:\Program Files\Java\jdk-11.0.12
PATH=C:\Program Files\Java\jdk-11.0.12\bin;C:\Windows\system32;C:\Windows;C:\Windows\System32\Wbem;C:\Windows\System32\WindowsPowerShell\v1.0\;C:\Windows\System32\OpenSSH\;C:\Program Files (x86)\Bitvise SSH Client;C:\Program Files\nodejs\;C:\Program Files\TortoiseGit\bin;C:\apache-maven-3.8.1\bin;C:\Program Files\Java\jdk-11.0.12\bin;C:\apache-maven-3.8.1\bin;C:\Program Files\Java\jdk-11.0.12\bin;C:\apache-tomcat-9.0.52-windows-x64\apache-tomcat-9.0.5\bin;C:\Program Files (x86)\Intel\Intel(R) Management Engine Components\DAL;C:\Program Files\Intel\Intel(R) Management Engine Components\DAL;C:\Users\asethiya\AppData\Local\Android\Sdk\platform-tools;C:\Users\asethiya\AppData\Local\Microsoft\WindowsApps;C:\Users\asethiya\AppData\Local\Programs\Microsoft VS Code\bin;C:\Users\asethiya\AppData\Roaming\npm;C:\Git\cmd;C:\Users\asethiya\AppData\Local\Android\Sdk\platform-tools;
USERNAME=ASethiya
OS=Windows_NT
PROCESSOR_IDENTIFIER=Intel64 Family 6 Model 78 Stepping 3, GenuineIntel



---------------  S Y S T E M  ---------------

OS: Windows 10 , 64 bit Build 19041 (10.0.19041.1348)

CPU:total 4 (initial active 4) (2 cores per cpu, 2 threads per core) family 6 model 78 stepping 3 microcode 0xd6, cmov, cx8, fxsr, mmx, sse, sse2, sse3, ssse3, sse4.1, sse4.2, popcnt, avx, avx2, aes, clmul, erms, rtm, 3dnowpref, lzcnt, ht, tsc, tscinvbit, bmi1, bmi2, adx, fma

Memory: 4k page, system-wide physical 8013M (307M free)
TotalPageFile size 23530M (AvailPageFile size 0M)
current process WorkingSet (physical memory assigned to process): 57M, peak: 57M
current process commit charge ("private bytes"): 208M, peak: 208M

vm_info: Java HotSpot(TM) 64-Bit Server VM (11.0.12+8-LTS-237) for windows-amd64 JRE (11.0.12+8-LTS-237), built on Jun  8 2021 11:25:59 by "mach5one" with MS VC++ 15.9 (VS2017)

END.
